2025-05-04 14:40:03 [main] INFO  com.fsf.habitup.HabitupApplication - Starting HabitupApplication using Java 17.0.13 with PID 12916 (C:\Users\swast\Downloads\FullStackFlair\target\classes started by swast in C:\Users\swast\Downloads\FullStackFlair)
2025-05-04 14:40:03 [main] INFO  com.fsf.habitup.HabitupApplication - No active profile set, falling back to 1 default profile: "default"
2025-05-04 14:40:04 [main] INFO  o.s.d.r.c.RepositoryConfigurationDelegate - Bootstrapping Spring Data JPA repositories in DEFAULT mode.
2025-05-04 14:40:05 [main] INFO  o.s.d.r.c.RepositoryConfigurationDelegate - Finished Spring Data repository scanning in 143 ms. Found 13 JPA repository interfaces.
2025-05-04 14:40:06 [main] INFO  o.s.b.w.e.tomcat.TomcatWebServer - Tomcat initialized with port 8080 (http)
2025-05-04 14:40:06 [main] INFO  o.a.catalina.core.StandardService - Starting service [Tomcat]
2025-05-04 14:40:06 [main] INFO  o.a.catalina.core.StandardEngine - Starting Servlet engine: [Apache Tomcat/10.1.36]
2025-05-04 14:40:06 [main] INFO  o.a.c.c.C.[Tomcat].[localhost].[/] - Initializing Spring embedded WebApplicationContext
2025-05-04 14:40:06 [main] INFO  o.s.b.w.s.c.ServletWebServerApplicationContext - Root WebApplicationContext: initialization completed in 3226 ms
2025-05-04 14:40:06 [main] INFO  o.h.jpa.internal.util.LogHelper - HHH000204: Processing PersistenceUnitInfo [name: default]
2025-05-04 14:40:06 [main] INFO  org.hibernate.Version - HHH000412: Hibernate ORM core version 6.6.8.Final
2025-05-04 14:40:07 [main] INFO  o.h.c.i.RegionFactoryInitiator - HHH000026: Second-level cache disabled
2025-05-04 14:40:07 [main] INFO  o.s.o.j.p.SpringPersistenceUnitInfo - No LoadTimeWeaver setup: ignoring JPA class transformer
2025-05-04 14:40:07 [main] INFO  com.zaxxer.hikari.HikariDataSource - HikariPool-1 - Starting...
2025-05-04 14:40:08 [main] INFO  com.zaxxer.hikari.pool.HikariPool - HikariPool-1 - Added connection com.mysql.cj.jdbc.ConnectionImpl@7b0525a8
2025-05-04 14:40:08 [main] INFO  com.zaxxer.hikari.HikariDataSource - HikariPool-1 - Start completed.
2025-05-04 14:40:08 [main] INFO  o.hibernate.orm.connections.pooling - HHH10001005: Database info:
	Database JDBC URL [Connecting through datasource 'HikariDataSource (HikariPool-1)']
	Database driver: undefined/unknown
	Database version: 8.0.39
	Autocommit mode: undefined/unknown
	Isolation level: undefined/unknown
	Minimum pool size: undefined/unknown
	Maximum pool size: undefined/unknown
2025-05-04 14:40:10 [main] INFO  o.h.e.t.j.p.i.JtaPlatformInitiator - HHH000489: No JTA platform available (set 'hibernate.transaction.jta.platform' to enable JTA platform integration)
2025-05-04 14:40:11 [main] INFO  o.s.o.j.LocalContainerEntityManagerFactoryBean - Initialized JPA EntityManagerFactory for persistence unit 'default'
2025-05-04 14:40:11 [main] INFO  o.s.s.c.a.a.c.InitializeAuthenticationProviderBeanManagerConfigurer$InitializeAuthenticationProviderManagerConfigurer - Global AuthenticationManager configured with AuthenticationProvider bean with name authenticationProvider
2025-05-04 14:40:12 [main] INFO  o.s.d.j.r.query.QueryEnhancerFactory - Hibernate is in classpath; If applicable, HQL parser will be used.
2025-05-04 14:40:13 [main] INFO  c.f.h.Security.PermissionInitializer - Starting permission initialization...
2025-05-04 14:40:13 [main] INFO  c.f.h.Service.PermissionService - Initializing user permissions...
2025-05-04 14:40:13 [main] INFO  c.f.h.Service.PermissionService - User permissions assigned to 1 users.
2025-05-04 14:40:13 [main] INFO  c.f.h.Service.PermissionService - Initializing admin permissions...
2025-05-04 14:40:13 [main] INFO  c.f.h.Service.PermissionService - Admin permissions assigned to 1 admins.
2025-05-04 14:40:13 [main] INFO  c.f.h.Service.PermissionService - Initializing doctor permissions...
2025-05-04 14:40:13 [main] INFO  c.f.h.Service.PermissionService - Doctor permissions assigned to 0 doctors.
2025-05-04 14:40:13 [main] INFO  c.f.h.Security.PermissionInitializer - Permission initialization completed successfully.
2025-05-04 14:40:14 [main] INFO  o.s.b.a.w.s.WelcomePageHandlerMapping - Adding welcome page: class path resource [static/index.html]
2025-05-04 14:40:14 [main] INFO  o.s.b.a.e.web.EndpointLinksResolver - Exposing 1 endpoint beneath base path '/actuator'
2025-05-04 14:40:14 [main] DEBUG o.s.s.web.DefaultSecurityFilterChain - Will secure any request with filters: DisableEncodeUrlFilter, WebAsyncManagerIntegrationFilter, HeaderWriterFilter, LogoutFilter, JwtAuthenticationFilter, SecurityContextHolderAwareRequestFilter, SessionManagementFilter, ExceptionTranslationFilter, AuthorizationFilter
2025-05-04 14:40:15 [main] INFO  o.s.b.w.e.tomcat.TomcatWebServer - Tomcat started on port 8080 (http) with context path '/'
2025-05-04 14:40:15 [main] INFO  com.fsf.habitup.HabitupApplication - Started HabitupApplication in 13.295 seconds (process running for 14.211)
2025-05-04 14:41:05 [http-nio-8080-exec-2] INFO  o.a.c.c.C.[Tomcat].[localhost].[/] - Initializing Spring DispatcherServlet 'dispatcherServlet'
2025-05-04 14:41:05 [http-nio-8080-exec-2] INFO  o.s.web.servlet.DispatcherServlet - Initializing Servlet 'dispatcherServlet'
2025-05-04 14:41:05 [http-nio-8080-exec-2] INFO  o.s.web.servlet.DispatcherServlet - Completed initialization in 13 ms
2025-05-04 14:41:05 [http-nio-8080-exec-2] DEBUG o.s.security.web.FilterChainProxy - Securing OPTIONS /habit/auth/login
2025-05-04 14:41:05 [http-nio-8080-exec-2] DEBUG o.s.security.web.FilterChainProxy - Secured OPTIONS /habit/auth/login
2025-05-04 14:41:05 [http-nio-8080-exec-1] DEBUG o.s.security.web.FilterChainProxy - Securing POST /habit/auth/login
2025-05-04 14:41:05 [http-nio-8080-exec-1] DEBUG o.s.security.web.FilterChainProxy - Secured POST /habit/auth/login
2025-05-04 14:41:06 [http-nio-8080-exec-1] DEBUG o.s.s.a.d.DaoAuthenticationProvider - Failed to authenticate since password does not match stored value
2025-05-04 14:42:45 [http-nio-8080-exec-5] DEBUG o.s.security.web.FilterChainProxy - Securing POST /habit/auth/send-OTP?email=mbasudev022@gmail.com
2025-05-04 14:42:45 [http-nio-8080-exec-5] DEBUG o.s.security.web.FilterChainProxy - Secured POST /habit/auth/send-OTP?email=mbasudev022@gmail.com
2025-05-04 14:43:25 [http-nio-8080-exec-9] DEBUG o.s.security.web.FilterChainProxy - Securing OPTIONS /habit/auth/verify-otp-and-register
2025-05-04 14:43:26 [http-nio-8080-exec-9] DEBUG o.s.security.web.FilterChainProxy - Secured OPTIONS /habit/auth/verify-otp-and-register
2025-05-04 14:43:26 [http-nio-8080-exec-4] DEBUG o.s.security.web.FilterChainProxy - Securing POST /habit/auth/verify-otp-and-register
2025-05-04 14:43:26 [http-nio-8080-exec-4] DEBUG o.s.security.web.FilterChainProxy - Secured POST /habit/auth/verify-otp-and-register
2025-05-04 14:43:37 [http-nio-8080-exec-3] DEBUG o.s.security.web.FilterChainProxy - Securing POST /habit/auth/login
2025-05-04 14:43:37 [http-nio-8080-exec-3] DEBUG o.s.security.web.FilterChainProxy - Secured POST /habit/auth/login
2025-05-04 14:43:38 [http-nio-8080-exec-3] DEBUG o.s.s.a.d.DaoAuthenticationProvider - Authenticated user
2025-05-04 14:49:51 [http-nio-8080-exec-7] DEBUG o.s.security.web.FilterChainProxy - Securing OPTIONS /user/show-a-user/mbasudev022@gmail.com
2025-05-04 14:49:51 [http-nio-8080-exec-7] DEBUG o.s.s.w.a.Http403ForbiddenEntryPoint - Pre-authenticated entry point called. Rejecting access
2025-05-04 14:49:51 [http-nio-8080-exec-7] DEBUG o.s.security.web.FilterChainProxy - Securing OPTIONS /error
2025-05-04 14:49:51 [http-nio-8080-exec-7] DEBUG o.s.s.w.a.Http403ForbiddenEntryPoint - Pre-authenticated entry point called. Rejecting access
2025-05-04 14:50:15 [SpringApplicationShutdownHook] INFO  o.s.b.w.e.tomcat.GracefulShutdown - Commencing graceful shutdown. Waiting for active requests to complete
2025-05-04 14:50:16 [tomcat-shutdown] INFO  o.s.b.w.e.tomcat.GracefulShutdown - Graceful shutdown complete
2025-05-04 14:50:16 [SpringApplicationShutdownHook] INFO  o.s.o.j.LocalContainerEntityManagerFactoryBean - Closing JPA EntityManagerFactory for persistence unit 'default'
2025-05-04 14:50:16 [SpringApplicationShutdownHook] INFO  com.zaxxer.hikari.HikariDataSource - HikariPool-1 - Shutdown initiated...
2025-05-04 14:50:16 [SpringApplicationShutdownHook] INFO  com.zaxxer.hikari.HikariDataSource - HikariPool-1 - Shutdown completed.
2025-05-04 14:57:06 [main] INFO  com.fsf.habitup.HabitupApplication - Starting HabitupApplication using Java 17.0.13 with PID 11196 (C:\Users\swast\Downloads\FullStackFlair\target\classes started by swast in C:\Users\swast\Downloads\FullStackFlair)
2025-05-04 14:57:06 [main] INFO  com.fsf.habitup.HabitupApplication - No active profile set, falling back to 1 default profile: "default"
2025-05-04 14:57:08 [main] INFO  o.s.d.r.c.RepositoryConfigurationDelegate - Bootstrapping Spring Data JPA repositories in DEFAULT mode.
2025-05-04 14:57:08 [main] INFO  o.s.d.r.c.RepositoryConfigurationDelegate - Finished Spring Data repository scanning in 154 ms. Found 13 JPA repository interfaces.
2025-05-04 14:57:09 [main] INFO  o.s.b.w.e.tomcat.TomcatWebServer - Tomcat initialized with port 8080 (http)
2025-05-04 14:57:09 [main] INFO  o.a.catalina.core.StandardService - Starting service [Tomcat]
2025-05-04 14:57:09 [main] INFO  o.a.catalina.core.StandardEngine - Starting Servlet engine: [Apache Tomcat/10.1.36]
2025-05-04 14:57:10 [main] INFO  o.a.c.c.C.[Tomcat].[localhost].[/] - Initializing Spring embedded WebApplicationContext
2025-05-04 14:57:10 [main] INFO  o.s.b.w.s.c.ServletWebServerApplicationContext - Root WebApplicationContext: initialization completed in 3586 ms
2025-05-04 14:57:10 [main] INFO  o.h.jpa.internal.util.LogHelper - HHH000204: Processing PersistenceUnitInfo [name: default]
2025-05-04 14:57:10 [main] INFO  org.hibernate.Version - HHH000412: Hibernate ORM core version 6.6.8.Final
2025-05-04 14:57:10 [main] INFO  o.h.c.i.RegionFactoryInitiator - HHH000026: Second-level cache disabled
2025-05-04 14:57:12 [main] INFO  o.s.o.j.p.SpringPersistenceUnitInfo - No LoadTimeWeaver setup: ignoring JPA class transformer
2025-05-04 14:57:12 [main] INFO  com.zaxxer.hikari.HikariDataSource - HikariPool-1 - Starting...
2025-05-04 14:57:13 [main] INFO  com.zaxxer.hikari.pool.HikariPool - HikariPool-1 - Added connection com.mysql.cj.jdbc.ConnectionImpl@8f09a02
2025-05-04 14:57:13 [main] INFO  com.zaxxer.hikari.HikariDataSource - HikariPool-1 - Start completed.
2025-05-04 14:57:13 [main] INFO  o.hibernate.orm.connections.pooling - HHH10001005: Database info:
	Database JDBC URL [Connecting through datasource 'HikariDataSource (HikariPool-1)']
	Database driver: undefined/unknown
	Database version: 8.0.39
	Autocommit mode: undefined/unknown
	Isolation level: undefined/unknown
	Minimum pool size: undefined/unknown
	Maximum pool size: undefined/unknown
2025-05-04 14:57:15 [main] INFO  o.h.e.t.j.p.i.JtaPlatformInitiator - HHH000489: No JTA platform available (set 'hibernate.transaction.jta.platform' to enable JTA platform integration)
2025-05-04 14:57:16 [main] INFO  o.s.o.j.LocalContainerEntityManagerFactoryBean - Initialized JPA EntityManagerFactory for persistence unit 'default'
2025-05-04 14:57:19 [main] INFO  o.s.s.c.a.a.c.InitializeAuthenticationProviderBeanManagerConfigurer$InitializeAuthenticationProviderManagerConfigurer - Global AuthenticationManager configured with AuthenticationProvider bean with name authenticationProvider
2025-05-04 14:57:19 [main] INFO  o.s.d.j.r.query.QueryEnhancerFactory - Hibernate is in classpath; If applicable, HQL parser will be used.
2025-05-04 14:57:21 [main] INFO  c.f.h.Security.PermissionInitializer - Starting permission initialization...
2025-05-04 14:57:21 [main] INFO  c.f.h.Service.PermissionService - Initializing user permissions...
2025-05-04 14:57:22 [main] INFO  c.f.h.Service.PermissionService - User permissions assigned to 2 users.
2025-05-04 14:57:22 [main] INFO  c.f.h.Service.PermissionService - Initializing admin permissions...
2025-05-04 14:57:22 [main] INFO  c.f.h.Service.PermissionService - Admin permissions assigned to 1 admins.
2025-05-04 14:57:22 [main] INFO  c.f.h.Service.PermissionService - Initializing doctor permissions...
2025-05-04 14:57:23 [main] INFO  c.f.h.Service.PermissionService - Doctor permissions assigned to 0 doctors.
2025-05-04 14:57:23 [main] INFO  c.f.h.Security.PermissionInitializer - Permission initialization completed successfully.
2025-05-04 14:57:24 [main] INFO  o.s.b.a.w.s.WelcomePageHandlerMapping - Adding welcome page: class path resource [static/index.html]
2025-05-04 14:57:26 [main] INFO  o.s.b.a.e.web.EndpointLinksResolver - Exposing 1 endpoint beneath base path '/actuator'
2025-05-04 14:57:26 [main] DEBUG o.s.s.web.DefaultSecurityFilterChain - Will secure any request with filters: DisableEncodeUrlFilter, WebAsyncManagerIntegrationFilter, HeaderWriterFilter, LogoutFilter, JwtAuthenticationFilter, SecurityContextHolderAwareRequestFilter, SessionManagementFilter, ExceptionTranslationFilter, AuthorizationFilter
2025-05-04 14:57:28 [main] INFO  o.s.b.w.e.tomcat.TomcatWebServer - Tomcat started on port 8080 (http) with context path '/'
2025-05-04 14:57:28 [main] INFO  com.fsf.habitup.HabitupApplication - Started HabitupApplication in 23.149 seconds (process running for 23.825)
2025-05-04 14:57:29 [http-nio-8080-exec-1] INFO  o.a.c.c.C.[Tomcat].[localhost].[/] - Initializing Spring DispatcherServlet 'dispatcherServlet'
2025-05-04 14:57:29 [http-nio-8080-exec-1] INFO  o.s.web.servlet.DispatcherServlet - Initializing Servlet 'dispatcherServlet'
2025-05-04 14:57:29 [http-nio-8080-exec-1] INFO  o.s.web.servlet.DispatcherServlet - Completed initialization in 0 ms
2025-05-04 14:57:30 [http-nio-8080-exec-1] DEBUG o.s.security.web.FilterChainProxy - Securing POST /habit/auth/login
2025-05-04 14:57:30 [http-nio-8080-exec-1] DEBUG o.s.security.web.FilterChainProxy - Secured POST /habit/auth/login
2025-05-04 14:57:31 [http-nio-8080-exec-1] DEBUG o.s.s.a.d.DaoAuthenticationProvider - Authenticated user
2025-05-04 15:01:14 [SpringApplicationShutdownHook] INFO  o.s.b.w.e.tomcat.GracefulShutdown - Commencing graceful shutdown. Waiting for active requests to complete
2025-05-04 15:01:15 [tomcat-shutdown] INFO  o.s.b.w.e.tomcat.GracefulShutdown - Graceful shutdown complete
2025-05-04 15:01:15 [SpringApplicationShutdownHook] INFO  o.s.o.j.LocalContainerEntityManagerFactoryBean - Closing JPA EntityManagerFactory for persistence unit 'default'
2025-05-04 15:01:15 [SpringApplicationShutdownHook] INFO  com.zaxxer.hikari.HikariDataSource - HikariPool-1 - Shutdown initiated...
2025-05-04 15:01:15 [SpringApplicationShutdownHook] INFO  com.zaxxer.hikari.HikariDataSource - HikariPool-1 - Shutdown completed.
2025-05-05 03:40:40 [main] INFO  c.f.habitup.HabitupApplicationTests - Starting HabitupApplicationTests using Java 21.0.2 with PID 11772 (started by Souda in C:\Users\Souda\git\FullStackFlair)
2025-05-05 03:40:40 [main] INFO  c.f.habitup.HabitupApplicationTests - No active profile set, falling back to 1 default profile: "default"
2025-05-05 03:40:41 [main] INFO  o.s.d.r.c.RepositoryConfigurationDelegate - Bootstrapping Spring Data JPA repositories in DEFAULT mode.
2025-05-05 03:40:41 [main] INFO  o.s.d.r.c.RepositoryConfigurationDelegate - Finished Spring Data repository scanning in 133 ms. Found 13 JPA repository interfaces.
2025-05-05 03:40:43 [main] INFO  o.h.jpa.internal.util.LogHelper - HHH000204: Processing PersistenceUnitInfo [name: default]
2025-05-05 03:40:43 [main] INFO  org.hibernate.Version - HHH000412: Hibernate ORM core version 6.6.8.Final
2025-05-05 03:40:43 [main] INFO  o.h.c.i.RegionFactoryInitiator - HHH000026: Second-level cache disabled
2025-05-05 03:40:44 [main] INFO  o.s.o.j.p.SpringPersistenceUnitInfo - No LoadTimeWeaver setup: ignoring JPA class transformer
2025-05-05 03:40:44 [main] INFO  com.zaxxer.hikari.HikariDataSource - HikariPool-1 - Starting...
2025-05-05 03:40:44 [main] INFO  com.zaxxer.hikari.pool.HikariPool - HikariPool-1 - Added connection com.mysql.cj.jdbc.ConnectionImpl@6b2f7527
2025-05-05 03:40:44 [main] INFO  com.zaxxer.hikari.HikariDataSource - HikariPool-1 - Start completed.
2025-05-05 03:40:44 [main] INFO  o.hibernate.orm.connections.pooling - HHH10001005: Database info:
	Database JDBC URL [Connecting through datasource 'HikariDataSource (HikariPool-1)']
	Database driver: undefined/unknown
	Database version: 8.0.36
	Autocommit mode: undefined/unknown
	Isolation level: undefined/unknown
	Minimum pool size: undefined/unknown
	Maximum pool size: undefined/unknown
2025-05-05 03:40:46 [main] INFO  o.h.e.t.j.p.i.JtaPlatformInitiator - HHH000489: No JTA platform available (set 'hibernate.transaction.jta.platform' to enable JTA platform integration)
2025-05-05 03:40:46 [main] INFO  o.s.o.j.LocalContainerEntityManagerFactoryBean - Initialized JPA EntityManagerFactory for persistence unit 'default'
2025-05-05 03:40:47 [main] INFO  o.s.s.c.a.a.c.InitializeAuthenticationProviderBeanManagerConfigurer$InitializeAuthenticationProviderManagerConfigurer - Global AuthenticationManager configured with AuthenticationProvider bean with name authenticationProvider
2025-05-05 03:40:47 [main] INFO  o.s.d.j.r.query.QueryEnhancerFactory - Hibernate is in classpath; If applicable, HQL parser will be used.
2025-05-05 03:40:48 [main] INFO  c.f.h.Security.PermissionInitializer - Starting permission initialization...
2025-05-05 03:40:48 [main] INFO  c.f.h.Service.PermissionService - Initializing user permissions...
2025-05-05 03:40:49 [main] WARN  c.f.h.Service.PermissionService - Permission not found: EXPORT_HABIT_PROGRESS
2025-05-05 03:40:49 [main] WARN  c.f.h.Service.PermissionService - Permission not found: MANAGE_FEEDBACK
2025-05-05 03:40:49 [main] WARN  c.f.h.Service.PermissionService - Permission not found: MANAGE_HABIT_PROGRESS
2025-05-05 03:40:49 [main] WARN  c.f.h.Service.PermissionService - Permission not found: VIEW_FEEDBACK
2025-05-05 03:40:49 [main] WARN  c.f.h.Service.PermissionService - Permission not found: IMPORT_HABIT_PROGRESS
2025-05-05 03:40:49 [main] WARN  c.f.h.Service.PermissionService - Permission not found: VIEW_THOUGHTS
2025-05-05 03:40:49 [main] INFO  c.f.h.Service.PermissionService - User permissions assigned to 0 users.
2025-05-05 03:40:49 [main] INFO  c.f.h.Service.PermissionService - Initializing admin permissions...
2025-05-05 03:40:49 [main] INFO  c.f.h.Service.PermissionService - Admin permissions assigned to 1 admins.
2025-05-05 03:40:49 [main] INFO  c.f.h.Service.PermissionService - Initializing doctor permissions...
2025-05-05 03:40:49 [main] WARN  c.f.h.Service.PermissionService - Permission not found: MANAGE_FEEDBACK
2025-05-05 03:40:49 [main] WARN  c.f.h.Service.PermissionService - Permission not found: VIEW_FEEDBACK
2025-05-05 03:40:49 [main] WARN  c.f.h.Service.PermissionService - Permission not found: VIEW_THOUGHTS
2025-05-05 03:40:49 [main] INFO  c.f.h.Service.PermissionService - Doctor permissions assigned to 0 doctors.
2025-05-05 03:40:49 [main] INFO  c.f.h.Security.PermissionInitializer - Permission initialization completed successfully.
2025-05-05 03:40:49 [main] INFO  o.s.b.a.w.s.WelcomePageHandlerMapping - Adding welcome page: class path resource [static/index.html]
2025-05-05 03:40:50 [main] INFO  o.s.b.a.e.web.EndpointLinksResolver - Exposing 1 endpoint beneath base path '/actuator'
2025-05-05 03:40:50 [main] DEBUG o.s.s.web.DefaultSecurityFilterChain - Will secure any request with filters: DisableEncodeUrlFilter, WebAsyncManagerIntegrationFilter, HeaderWriterFilter, LogoutFilter, JwtAuthenticationFilter, SecurityContextHolderAwareRequestFilter, SessionManagementFilter, ExceptionTranslationFilter, AuthorizationFilter
2025-05-05 03:40:51 [main] INFO  c.f.habitup.HabitupApplicationTests - Started HabitupApplicationTests in 11.731 seconds (process running for 13.695)
2025-05-05 03:40:52 [SpringApplicationShutdownHook] INFO  o.s.o.j.LocalContainerEntityManagerFactoryBean - Closing JPA EntityManagerFactory for persistence unit 'default'
2025-05-05 03:40:52 [SpringApplicationShutdownHook] INFO  com.zaxxer.hikari.HikariDataSource - HikariPool-1 - Shutdown initiated...
2025-05-05 03:40:52 [SpringApplicationShutdownHook] INFO  com.zaxxer.hikari.HikariDataSource - HikariPool-1 - Shutdown completed.
2025-05-05 16:26:32 [main] WARN  o.s.b.t.j.DuplicateJsonObjectContextCustomizerFactory$DuplicateJsonObjectContextCustomizer - 

Found multiple occurrences of org.json.JSONObject on the class path:

	jar:file:/C:/Users/Souda/.m2/repository/com/vaadin/external/google/android-json/0.0.20131108.vaadin1/android-json-0.0.20131108.vaadin1.jar!/org/json/JSONObject.class
	jar:file:/C:/Users/Souda/.m2/repository/org/json/json/20230227/json-20230227.jar!/org/json/JSONObject.class

You may wish to exclude one of them to ensure predictable runtime behavior

2025-05-05 16:26:32 [main] INFO  c.f.habitup.HabitupApplicationTests - Starting HabitupApplicationTests using Java 21.0.2 with PID 22208 (started by Souda in C:\Users\Souda\git\FullStackFlair)
2025-05-05 16:26:32 [main] INFO  c.f.habitup.HabitupApplicationTests - No active profile set, falling back to 1 default profile: "default"
2025-05-05 16:26:34 [main] INFO  o.s.d.r.c.RepositoryConfigurationDelegate - Bootstrapping Spring Data JPA repositories in DEFAULT mode.
2025-05-05 16:26:34 [main] INFO  o.s.d.r.c.RepositoryConfigurationDelegate - Finished Spring Data repository scanning in 141 ms. Found 13 JPA repository interfaces.
2025-05-05 16:26:35 [main] INFO  o.h.jpa.internal.util.LogHelper - HHH000204: Processing PersistenceUnitInfo [name: default]
2025-05-05 16:26:36 [main] INFO  org.hibernate.Version - HHH000412: Hibernate ORM core version 6.6.8.Final
2025-05-05 16:26:36 [main] INFO  o.h.c.i.RegionFactoryInitiator - HHH000026: Second-level cache disabled
2025-05-05 16:26:36 [main] INFO  o.s.o.j.p.SpringPersistenceUnitInfo - No LoadTimeWeaver setup: ignoring JPA class transformer
2025-05-05 16:26:36 [main] INFO  com.zaxxer.hikari.HikariDataSource - HikariPool-1 - Starting...
2025-05-05 16:26:37 [main] INFO  com.zaxxer.hikari.pool.HikariPool - HikariPool-1 - Added connection com.mysql.cj.jdbc.ConnectionImpl@57ed02e6
2025-05-05 16:26:37 [main] INFO  com.zaxxer.hikari.HikariDataSource - HikariPool-1 - Start completed.
2025-05-05 16:26:37 [main] INFO  o.hibernate.orm.connections.pooling - HHH10001005: Database info:
	Database JDBC URL [Connecting through datasource 'HikariDataSource (HikariPool-1)']
	Database driver: undefined/unknown
	Database version: 8.0.36
	Autocommit mode: undefined/unknown
	Isolation level: undefined/unknown
	Minimum pool size: undefined/unknown
	Maximum pool size: undefined/unknown
2025-05-05 16:26:38 [main] INFO  o.h.e.t.j.p.i.JtaPlatformInitiator - HHH000489: No JTA platform available (set 'hibernate.transaction.jta.platform' to enable JTA platform integration)
2025-05-05 16:26:39 [main] INFO  o.s.o.j.LocalContainerEntityManagerFactoryBean - Initialized JPA EntityManagerFactory for persistence unit 'default'
2025-05-05 16:26:40 [main] INFO  o.s.s.c.a.a.c.InitializeAuthenticationProviderBeanManagerConfigurer$InitializeAuthenticationProviderManagerConfigurer - Global AuthenticationManager configured with AuthenticationProvider bean with name authenticationProvider
2025-05-05 16:26:40 [main] INFO  o.s.d.j.r.query.QueryEnhancerFactory - Hibernate is in classpath; If applicable, HQL parser will be used.
2025-05-05 16:26:41 [main] INFO  c.f.h.Security.PermissionInitializer - Starting permission initialization...
2025-05-05 16:26:41 [main] INFO  c.f.h.Service.PermissionService - Initializing user permissions...
2025-05-05 16:26:41 [main] WARN  c.f.h.Service.PermissionService - Permission not found: EXPORT_HABIT_PROGRESS
2025-05-05 16:26:41 [main] WARN  c.f.h.Service.PermissionService - Permission not found: MANAGE_FEEDBACK
2025-05-05 16:26:41 [main] WARN  c.f.h.Service.PermissionService - Permission not found: MANAGE_HABIT_PROGRESS
2025-05-05 16:26:41 [main] WARN  c.f.h.Service.PermissionService - Permission not found: VIEW_FEEDBACK
2025-05-05 16:26:41 [main] WARN  c.f.h.Service.PermissionService - Permission not found: IMPORT_HABIT_PROGRESS
2025-05-05 16:26:41 [main] WARN  c.f.h.Service.PermissionService - Permission not found: VIEW_THOUGHTS
2025-05-05 16:26:41 [main] INFO  c.f.h.Service.PermissionService - User permissions assigned to 0 users.
2025-05-05 16:26:41 [main] INFO  c.f.h.Service.PermissionService - Initializing admin permissions...
2025-05-05 16:26:41 [main] INFO  c.f.h.Service.PermissionService - Admin permissions assigned to 1 admins.
2025-05-05 16:26:41 [main] INFO  c.f.h.Service.PermissionService - Initializing doctor permissions...
2025-05-05 16:26:41 [main] WARN  c.f.h.Service.PermissionService - Permission not found: MANAGE_FEEDBACK
2025-05-05 16:26:41 [main] WARN  c.f.h.Service.PermissionService - Permission not found: VIEW_FEEDBACK
2025-05-05 16:26:41 [main] WARN  c.f.h.Service.PermissionService - Permission not found: VIEW_THOUGHTS
2025-05-05 16:26:41 [main] INFO  c.f.h.Service.PermissionService - Doctor permissions assigned to 0 doctors.
2025-05-05 16:26:41 [main] INFO  c.f.h.Security.PermissionInitializer - Permission initialization completed successfully.
2025-05-05 16:26:42 [main] INFO  o.s.b.a.w.s.WelcomePageHandlerMapping - Adding welcome page: class path resource [static/index.html]
2025-05-05 16:26:42 [main] INFO  o.s.b.a.e.web.EndpointLinksResolver - Exposing 1 endpoint beneath base path '/actuator'
2025-05-05 16:26:42 [main] DEBUG o.s.s.web.DefaultSecurityFilterChain - Will secure any request with filters: DisableEncodeUrlFilter, WebAsyncManagerIntegrationFilter, HeaderWriterFilter, LogoutFilter, JwtAuthenticationFilter, SecurityContextHolderAwareRequestFilter, SessionManagementFilter, ExceptionTranslationFilter, AuthorizationFilter
2025-05-05 16:26:43 [main] INFO  c.f.habitup.HabitupApplicationTests - Started HabitupApplicationTests in 11.878 seconds (process running for 13.295)
2025-05-05 16:26:44 [SpringApplicationShutdownHook] INFO  o.s.o.j.LocalContainerEntityManagerFactoryBean - Closing JPA EntityManagerFactory for persistence unit 'default'
2025-05-05 16:26:44 [SpringApplicationShutdownHook] INFO  com.zaxxer.hikari.HikariDataSource - HikariPool-1 - Shutdown initiated...
2025-05-05 16:26:44 [SpringApplicationShutdownHook] INFO  com.zaxxer.hikari.HikariDataSource - HikariPool-1 - Shutdown completed.
2025-05-05 16:28:12 [main] WARN  o.s.b.t.j.DuplicateJsonObjectContextCustomizerFactory$DuplicateJsonObjectContextCustomizer - 

Found multiple occurrences of org.json.JSONObject on the class path:

	jar:file:/C:/Users/Souda/.m2/repository/com/vaadin/external/google/android-json/0.0.20131108.vaadin1/android-json-0.0.20131108.vaadin1.jar!/org/json/JSONObject.class
	jar:file:/C:/Users/Souda/.m2/repository/org/json/json/20230227/json-20230227.jar!/org/json/JSONObject.class

You may wish to exclude one of them to ensure predictable runtime behavior

2025-05-05 16:28:13 [main] INFO  c.f.habitup.HabitupApplicationTests - Starting HabitupApplicationTests using Java 21.0.2 with PID 20628 (started by Souda in C:\Users\Souda\git\FullStackFlair)
2025-05-05 16:28:13 [main] INFO  c.f.habitup.HabitupApplicationTests - No active profile set, falling back to 1 default profile: "default"
2025-05-05 16:28:14 [main] INFO  o.s.d.r.c.RepositoryConfigurationDelegate - Bootstrapping Spring Data JPA repositories in DEFAULT mode.
2025-05-05 16:28:14 [main] INFO  o.s.d.r.c.RepositoryConfigurationDelegate - Finished Spring Data repository scanning in 114 ms. Found 13 JPA repository interfaces.
2025-05-05 16:28:15 [main] INFO  o.h.jpa.internal.util.LogHelper - HHH000204: Processing PersistenceUnitInfo [name: default]
2025-05-05 16:28:15 [main] INFO  org.hibernate.Version - HHH000412: Hibernate ORM core version 6.6.8.Final
2025-05-05 16:28:15 [main] INFO  o.h.c.i.RegionFactoryInitiator - HHH000026: Second-level cache disabled
2025-05-05 16:28:16 [main] INFO  o.s.o.j.p.SpringPersistenceUnitInfo - No LoadTimeWeaver setup: ignoring JPA class transformer
2025-05-05 16:28:16 [main] INFO  com.zaxxer.hikari.HikariDataSource - HikariPool-1 - Starting...
2025-05-05 16:28:16 [main] INFO  com.zaxxer.hikari.pool.HikariPool - HikariPool-1 - Added connection com.mysql.cj.jdbc.ConnectionImpl@54d35ed5
2025-05-05 16:28:16 [main] INFO  com.zaxxer.hikari.HikariDataSource - HikariPool-1 - Start completed.
2025-05-05 16:28:16 [main] INFO  o.hibernate.orm.connections.pooling - HHH10001005: Database info:
	Database JDBC URL [Connecting through datasource 'HikariDataSource (HikariPool-1)']
	Database driver: undefined/unknown
	Database version: 8.0.36
	Autocommit mode: undefined/unknown
	Isolation level: undefined/unknown
	Minimum pool size: undefined/unknown
	Maximum pool size: undefined/unknown
2025-05-05 16:28:18 [main] INFO  o.h.e.t.j.p.i.JtaPlatformInitiator - HHH000489: No JTA platform available (set 'hibernate.transaction.jta.platform' to enable JTA platform integration)
2025-05-05 16:28:18 [main] INFO  o.s.o.j.LocalContainerEntityManagerFactoryBean - Initialized JPA EntityManagerFactory for persistence unit 'default'
2025-05-05 16:28:19 [main] INFO  o.s.s.c.a.a.c.InitializeAuthenticationProviderBeanManagerConfigurer$InitializeAuthenticationProviderManagerConfigurer - Global AuthenticationManager configured with AuthenticationProvider bean with name authenticationProvider
2025-05-05 16:28:19 [main] INFO  o.s.d.j.r.query.QueryEnhancerFactory - Hibernate is in classpath; If applicable, HQL parser will be used.
2025-05-05 16:28:20 [main] INFO  c.f.h.Security.PermissionInitializer - Starting permission initialization...
2025-05-05 16:28:20 [main] INFO  c.f.h.Service.PermissionService - Initializing user permissions...
2025-05-05 16:28:20 [main] WARN  c.f.h.Service.PermissionService - Permission not found: EXPORT_HABIT_PROGRESS
2025-05-05 16:28:20 [main] WARN  c.f.h.Service.PermissionService - Permission not found: MANAGE_FEEDBACK
2025-05-05 16:28:20 [main] WARN  c.f.h.Service.PermissionService - Permission not found: MANAGE_HABIT_PROGRESS
2025-05-05 16:28:20 [main] WARN  c.f.h.Service.PermissionService - Permission not found: VIEW_FEEDBACK
2025-05-05 16:28:20 [main] WARN  c.f.h.Service.PermissionService - Permission not found: IMPORT_HABIT_PROGRESS
2025-05-05 16:28:20 [main] WARN  c.f.h.Service.PermissionService - Permission not found: VIEW_THOUGHTS
2025-05-05 16:28:20 [main] INFO  c.f.h.Service.PermissionService - User permissions assigned to 0 users.
2025-05-05 16:28:20 [main] INFO  c.f.h.Service.PermissionService - Initializing admin permissions...
2025-05-05 16:28:20 [main] INFO  c.f.h.Service.PermissionService - Admin permissions assigned to 1 admins.
2025-05-05 16:28:20 [main] INFO  c.f.h.Service.PermissionService - Initializing doctor permissions...
2025-05-05 16:28:20 [main] WARN  c.f.h.Service.PermissionService - Permission not found: MANAGE_FEEDBACK
2025-05-05 16:28:20 [main] WARN  c.f.h.Service.PermissionService - Permission not found: VIEW_FEEDBACK
2025-05-05 16:28:20 [main] WARN  c.f.h.Service.PermissionService - Permission not found: VIEW_THOUGHTS
2025-05-05 16:28:20 [main] INFO  c.f.h.Service.PermissionService - Doctor permissions assigned to 0 doctors.
2025-05-05 16:28:20 [main] INFO  c.f.h.Security.PermissionInitializer - Permission initialization completed successfully.
2025-05-05 16:28:21 [main] INFO  o.s.b.a.w.s.WelcomePageHandlerMapping - Adding welcome page: class path resource [static/index.html]
2025-05-05 16:28:21 [main] INFO  o.s.b.a.e.web.EndpointLinksResolver - Exposing 1 endpoint beneath base path '/actuator'
2025-05-05 16:28:21 [main] DEBUG o.s.s.web.DefaultSecurityFilterChain - Will secure any request with filters: DisableEncodeUrlFilter, WebAsyncManagerIntegrationFilter, HeaderWriterFilter, LogoutFilter, JwtAuthenticationFilter, SecurityContextHolderAwareRequestFilter, SessionManagementFilter, ExceptionTranslationFilter, AuthorizationFilter
2025-05-05 16:28:22 [main] INFO  c.f.habitup.HabitupApplicationTests - Started HabitupApplicationTests in 10.029 seconds (process running for 11.44)
2025-05-05 16:28:23 [SpringApplicationShutdownHook] INFO  o.s.o.j.LocalContainerEntityManagerFactoryBean - Closing JPA EntityManagerFactory for persistence unit 'default'
2025-05-05 16:28:23 [SpringApplicationShutdownHook] INFO  com.zaxxer.hikari.HikariDataSource - HikariPool-1 - Shutdown initiated...
2025-05-05 16:28:23 [SpringApplicationShutdownHook] INFO  com.zaxxer.hikari.HikariDataSource - HikariPool-1 - Shutdown completed.
2025-05-05 16:31:08 [main] WARN  o.s.b.t.j.DuplicateJsonObjectContextCustomizerFactory$DuplicateJsonObjectContextCustomizer - 

Found multiple occurrences of org.json.JSONObject on the class path:

	jar:file:/C:/Users/Souda/.m2/repository/com/vaadin/external/google/android-json/0.0.20131108.vaadin1/android-json-0.0.20131108.vaadin1.jar!/org/json/JSONObject.class
	jar:file:/C:/Users/Souda/.m2/repository/org/json/json/20230227/json-20230227.jar!/org/json/JSONObject.class

You may wish to exclude one of them to ensure predictable runtime behavior

2025-05-05 16:31:08 [main] INFO  c.f.habitup.HabitupApplicationTests - Starting HabitupApplicationTests using Java 21.0.2 with PID 19184 (started by Souda in C:\Users\Souda\git\FullStackFlair)
2025-05-05 16:31:08 [main] INFO  c.f.habitup.HabitupApplicationTests - No active profile set, falling back to 1 default profile: "default"
2025-05-05 16:31:10 [main] INFO  o.s.d.r.c.RepositoryConfigurationDelegate - Bootstrapping Spring Data JPA repositories in DEFAULT mode.
2025-05-05 16:31:10 [main] INFO  o.s.d.r.c.RepositoryConfigurationDelegate - Finished Spring Data repository scanning in 141 ms. Found 13 JPA repository interfaces.
2025-05-05 16:31:11 [main] INFO  o.h.jpa.internal.util.LogHelper - HHH000204: Processing PersistenceUnitInfo [name: default]
2025-05-05 16:31:11 [main] INFO  org.hibernate.Version - HHH000412: Hibernate ORM core version 6.6.8.Final
2025-05-05 16:31:11 [main] INFO  o.h.c.i.RegionFactoryInitiator - HHH000026: Second-level cache disabled
2025-05-05 16:31:11 [main] INFO  o.s.o.j.p.SpringPersistenceUnitInfo - No LoadTimeWeaver setup: ignoring JPA class transformer
2025-05-05 16:31:11 [main] INFO  com.zaxxer.hikari.HikariDataSource - HikariPool-1 - Starting...
2025-05-05 16:31:12 [main] INFO  com.zaxxer.hikari.pool.HikariPool - HikariPool-1 - Added connection com.mysql.cj.jdbc.ConnectionImpl@552ffa44
2025-05-05 16:31:12 [main] INFO  com.zaxxer.hikari.HikariDataSource - HikariPool-1 - Start completed.
2025-05-05 16:31:12 [main] INFO  o.hibernate.orm.connections.pooling - HHH10001005: Database info:
	Database JDBC URL [Connecting through datasource 'HikariDataSource (HikariPool-1)']
	Database driver: undefined/unknown
	Database version: 8.0.36
	Autocommit mode: undefined/unknown
	Isolation level: undefined/unknown
	Minimum pool size: undefined/unknown
	Maximum pool size: undefined/unknown
2025-05-05 16:31:13 [main] INFO  o.h.e.t.j.p.i.JtaPlatformInitiator - HHH000489: No JTA platform available (set 'hibernate.transaction.jta.platform' to enable JTA platform integration)
2025-05-05 16:31:13 [main] INFO  o.s.o.j.LocalContainerEntityManagerFactoryBean - Initialized JPA EntityManagerFactory for persistence unit 'default'
2025-05-05 16:31:14 [main] INFO  o.s.s.c.a.a.c.InitializeAuthenticationProviderBeanManagerConfigurer$InitializeAuthenticationProviderManagerConfigurer - Global AuthenticationManager configured with AuthenticationProvider bean with name authenticationProvider
2025-05-05 16:31:14 [main] INFO  o.s.d.j.r.query.QueryEnhancerFactory - Hibernate is in classpath; If applicable, HQL parser will be used.
2025-05-05 16:31:15 [main] INFO  c.f.h.Security.PermissionInitializer - Starting permission initialization...
2025-05-05 16:31:15 [main] INFO  c.f.h.Service.PermissionService - Initializing user permissions...
2025-05-05 16:31:16 [main] WARN  c.f.h.Service.PermissionService - Permission not found: EXPORT_HABIT_PROGRESS
2025-05-05 16:31:16 [main] WARN  c.f.h.Service.PermissionService - Permission not found: MANAGE_FEEDBACK
2025-05-05 16:31:16 [main] WARN  c.f.h.Service.PermissionService - Permission not found: MANAGE_HABIT_PROGRESS
2025-05-05 16:31:16 [main] WARN  c.f.h.Service.PermissionService - Permission not found: VIEW_FEEDBACK
2025-05-05 16:31:16 [main] WARN  c.f.h.Service.PermissionService - Permission not found: IMPORT_HABIT_PROGRESS
2025-05-05 16:31:16 [main] WARN  c.f.h.Service.PermissionService - Permission not found: VIEW_THOUGHTS
2025-05-05 16:31:16 [main] INFO  c.f.h.Service.PermissionService - User permissions assigned to 0 users.
2025-05-05 16:31:16 [main] INFO  c.f.h.Service.PermissionService - Initializing admin permissions...
2025-05-05 16:31:16 [main] INFO  c.f.h.Service.PermissionService - Admin permissions assigned to 1 admins.
2025-05-05 16:31:16 [main] INFO  c.f.h.Service.PermissionService - Initializing doctor permissions...
2025-05-05 16:31:16 [main] WARN  c.f.h.Service.PermissionService - Permission not found: MANAGE_FEEDBACK
2025-05-05 16:31:16 [main] WARN  c.f.h.Service.PermissionService - Permission not found: VIEW_FEEDBACK
2025-05-05 16:31:16 [main] WARN  c.f.h.Service.PermissionService - Permission not found: VIEW_THOUGHTS
2025-05-05 16:31:16 [main] INFO  c.f.h.Service.PermissionService - Doctor permissions assigned to 0 doctors.
2025-05-05 16:31:16 [main] INFO  c.f.h.Security.PermissionInitializer - Permission initialization completed successfully.
2025-05-05 16:31:16 [main] INFO  o.s.b.a.w.s.WelcomePageHandlerMapping - Adding welcome page: class path resource [static/index.html]
2025-05-05 16:31:17 [main] INFO  o.s.b.a.e.web.EndpointLinksResolver - Exposing 1 endpoint beneath base path '/actuator'
2025-05-05 16:31:17 [main] DEBUG o.s.s.web.DefaultSecurityFilterChain - Will secure any request with filters: DisableEncodeUrlFilter, WebAsyncManagerIntegrationFilter, HeaderWriterFilter, LogoutFilter, JwtAuthenticationFilter, SecurityContextHolderAwareRequestFilter, SessionManagementFilter, ExceptionTranslationFilter, AuthorizationFilter
2025-05-05 16:31:18 [main] INFO  c.f.habitup.HabitupApplicationTests - Started HabitupApplicationTests in 9.945 seconds (process running for 11.176)
2025-05-05 16:31:18 [SpringApplicationShutdownHook] INFO  o.s.o.j.LocalContainerEntityManagerFactoryBean - Closing JPA EntityManagerFactory for persistence unit 'default'
2025-05-05 16:31:18 [SpringApplicationShutdownHook] INFO  com.zaxxer.hikari.HikariDataSource - HikariPool-1 - Shutdown initiated...
2025-05-05 16:31:18 [SpringApplicationShutdownHook] INFO  com.zaxxer.hikari.HikariDataSource - HikariPool-1 - Shutdown completed.
2025-05-05 16:48:26 [main] WARN  o.s.b.t.j.DuplicateJsonObjectContextCustomizerFactory$DuplicateJsonObjectContextCustomizer - 

Found multiple occurrences of org.json.JSONObject on the class path:

	jar:file:/C:/Users/Souda/.m2/repository/com/vaadin/external/google/android-json/0.0.20131108.vaadin1/android-json-0.0.20131108.vaadin1.jar!/org/json/JSONObject.class
	jar:file:/C:/Users/Souda/.m2/repository/org/json/json/20230227/json-20230227.jar!/org/json/JSONObject.class

You may wish to exclude one of them to ensure predictable runtime behavior

2025-05-05 16:48:26 [main] INFO  c.f.habitup.HabitupApplicationTests - Starting HabitupApplicationTests using Java 21.0.2 with PID 7360 (started by Souda in C:\Users\Souda\git\FullStackFlair)
2025-05-05 16:48:26 [main] INFO  c.f.habitup.HabitupApplicationTests - No active profile set, falling back to 1 default profile: "default"
2025-05-05 16:48:27 [main] INFO  o.s.d.r.c.RepositoryConfigurationDelegate - Bootstrapping Spring Data JPA repositories in DEFAULT mode.
2025-05-05 16:48:28 [main] INFO  o.s.d.r.c.RepositoryConfigurationDelegate - Finished Spring Data repository scanning in 156 ms. Found 13 JPA repository interfaces.
2025-05-05 16:48:29 [main] INFO  o.h.jpa.internal.util.LogHelper - HHH000204: Processing PersistenceUnitInfo [name: default]
2025-05-05 16:48:29 [main] INFO  org.hibernate.Version - HHH000412: Hibernate ORM core version 6.6.8.Final
2025-05-05 16:48:29 [main] INFO  o.h.c.i.RegionFactoryInitiator - HHH000026: Second-level cache disabled
2025-05-05 16:48:29 [main] INFO  o.s.o.j.p.SpringPersistenceUnitInfo - No LoadTimeWeaver setup: ignoring JPA class transformer
2025-05-05 16:48:29 [main] INFO  com.zaxxer.hikari.HikariDataSource - HikariPool-1 - Starting...
2025-05-05 16:48:30 [main] INFO  com.zaxxer.hikari.pool.HikariPool - HikariPool-1 - Added connection com.mysql.cj.jdbc.ConnectionImpl@54d35ed5
2025-05-05 16:48:30 [main] INFO  com.zaxxer.hikari.HikariDataSource - HikariPool-1 - Start completed.
2025-05-05 16:48:30 [main] INFO  o.hibernate.orm.connections.pooling - HHH10001005: Database info:
	Database JDBC URL [Connecting through datasource 'HikariDataSource (HikariPool-1)']
	Database driver: undefined/unknown
	Database version: 8.0.36
	Autocommit mode: undefined/unknown
	Isolation level: undefined/unknown
	Minimum pool size: undefined/unknown
	Maximum pool size: undefined/unknown
2025-05-05 16:48:32 [main] INFO  o.h.e.t.j.p.i.JtaPlatformInitiator - HHH000489: No JTA platform available (set 'hibernate.transaction.jta.platform' to enable JTA platform integration)
2025-05-05 16:48:32 [main] INFO  o.s.o.j.LocalContainerEntityManagerFactoryBean - Initialized JPA EntityManagerFactory for persistence unit 'default'
2025-05-05 16:48:33 [main] INFO  o.s.s.c.a.a.c.InitializeAuthenticationProviderBeanManagerConfigurer$InitializeAuthenticationProviderManagerConfigurer - Global AuthenticationManager configured with AuthenticationProvider bean with name authenticationProvider
2025-05-05 16:48:33 [main] INFO  o.s.d.j.r.query.QueryEnhancerFactory - Hibernate is in classpath; If applicable, HQL parser will be used.
2025-05-05 16:48:34 [main] INFO  c.f.h.Security.PermissionInitializer - Starting permission initialization...
2025-05-05 16:48:34 [main] INFO  c.f.h.Service.PermissionService - Initializing user permissions...
2025-05-05 16:48:35 [main] WARN  c.f.h.Service.PermissionService - Permission not found: EXPORT_HABIT_PROGRESS
2025-05-05 16:48:35 [main] WARN  c.f.h.Service.PermissionService - Permission not found: MANAGE_FEEDBACK
2025-05-05 16:48:35 [main] WARN  c.f.h.Service.PermissionService - Permission not found: MANAGE_HABIT_PROGRESS
2025-05-05 16:48:35 [main] WARN  c.f.h.Service.PermissionService - Permission not found: VIEW_FEEDBACK
2025-05-05 16:48:35 [main] WARN  c.f.h.Service.PermissionService - Permission not found: IMPORT_HABIT_PROGRESS
2025-05-05 16:48:35 [main] WARN  c.f.h.Service.PermissionService - Permission not found: VIEW_THOUGHTS
2025-05-05 16:48:35 [main] INFO  c.f.h.Service.PermissionService - User permissions assigned to 0 users.
2025-05-05 16:48:35 [main] INFO  c.f.h.Service.PermissionService - Initializing admin permissions...
2025-05-05 16:48:35 [main] INFO  c.f.h.Service.PermissionService - Admin permissions assigned to 1 admins.
2025-05-05 16:48:35 [main] INFO  c.f.h.Service.PermissionService - Initializing doctor permissions...
2025-05-05 16:48:35 [main] WARN  c.f.h.Service.PermissionService - Permission not found: MANAGE_FEEDBACK
2025-05-05 16:48:35 [main] WARN  c.f.h.Service.PermissionService - Permission not found: VIEW_FEEDBACK
2025-05-05 16:48:35 [main] WARN  c.f.h.Service.PermissionService - Permission not found: VIEW_THOUGHTS
2025-05-05 16:48:35 [main] INFO  c.f.h.Service.PermissionService - Doctor permissions assigned to 0 doctors.
2025-05-05 16:48:35 [main] INFO  c.f.h.Security.PermissionInitializer - Permission initialization completed successfully.
2025-05-05 16:48:35 [main] INFO  o.s.b.a.w.s.WelcomePageHandlerMapping - Adding welcome page: class path resource [static/index.html]
2025-05-05 16:48:36 [main] INFO  o.s.b.a.e.web.EndpointLinksResolver - Exposing 1 endpoint beneath base path '/actuator'
2025-05-05 16:48:36 [main] DEBUG o.s.s.web.DefaultSecurityFilterChain - Will secure any request with filters: DisableEncodeUrlFilter, WebAsyncManagerIntegrationFilter, HeaderWriterFilter, LogoutFilter, JwtAuthenticationFilter, SecurityContextHolderAwareRequestFilter, SessionManagementFilter, ExceptionTranslationFilter, AuthorizationFilter
2025-05-05 16:48:37 [main] INFO  c.f.habitup.HabitupApplicationTests - Started HabitupApplicationTests in 11.656 seconds (process running for 13.211)
2025-05-05 16:48:38 [SpringApplicationShutdownHook] INFO  o.s.o.j.LocalContainerEntityManagerFactoryBean - Closing JPA EntityManagerFactory for persistence unit 'default'
2025-05-05 16:48:38 [SpringApplicationShutdownHook] INFO  com.zaxxer.hikari.HikariDataSource - HikariPool-1 - Shutdown initiated...
2025-05-05 16:48:38 [SpringApplicationShutdownHook] INFO  com.zaxxer.hikari.HikariDataSource - HikariPool-1 - Shutdown completed.
2025-05-05 16:51:47 [main] WARN  o.s.b.t.j.DuplicateJsonObjectContextCustomizerFactory$DuplicateJsonObjectContextCustomizer - 

Found multiple occurrences of org.json.JSONObject on the class path:

	jar:file:/C:/Users/Souda/.m2/repository/com/vaadin/external/google/android-json/0.0.20131108.vaadin1/android-json-0.0.20131108.vaadin1.jar!/org/json/JSONObject.class
	jar:file:/C:/Users/Souda/.m2/repository/org/json/json/20230227/json-20230227.jar!/org/json/JSONObject.class

You may wish to exclude one of them to ensure predictable runtime behavior

2025-05-05 16:51:47 [main] INFO  c.f.habitup.HabitupApplicationTests - Starting HabitupApplicationTests using Java 21.0.2 with PID 5556 (started by Souda in C:\Users\Souda\git\FullStackFlair)
2025-05-05 16:51:47 [main] INFO  c.f.habitup.HabitupApplicationTests - No active profile set, falling back to 1 default profile: "default"
2025-05-05 16:51:48 [main] INFO  o.s.d.r.c.RepositoryConfigurationDelegate - Bootstrapping Spring Data JPA repositories in DEFAULT mode.
2025-05-05 16:51:48 [main] INFO  o.s.d.r.c.RepositoryConfigurationDelegate - Finished Spring Data repository scanning in 128 ms. Found 13 JPA repository interfaces.
2025-05-05 16:51:49 [main] INFO  o.h.jpa.internal.util.LogHelper - HHH000204: Processing PersistenceUnitInfo [name: default]
2025-05-05 16:51:50 [main] INFO  org.hibernate.Version - HHH000412: Hibernate ORM core version 6.6.8.Final
2025-05-05 16:51:50 [main] INFO  o.h.c.i.RegionFactoryInitiator - HHH000026: Second-level cache disabled
2025-05-05 16:51:50 [main] INFO  o.s.o.j.p.SpringPersistenceUnitInfo - No LoadTimeWeaver setup: ignoring JPA class transformer
2025-05-05 16:51:50 [main] INFO  com.zaxxer.hikari.HikariDataSource - HikariPool-1 - Starting...
2025-05-05 16:51:51 [main] INFO  com.zaxxer.hikari.pool.HikariPool - HikariPool-1 - Added connection com.mysql.cj.jdbc.ConnectionImpl@4cfe9594
2025-05-05 16:51:51 [main] INFO  com.zaxxer.hikari.HikariDataSource - HikariPool-1 - Start completed.
2025-05-05 16:51:51 [main] INFO  o.hibernate.orm.connections.pooling - HHH10001005: Database info:
	Database JDBC URL [Connecting through datasource 'HikariDataSource (HikariPool-1)']
	Database driver: undefined/unknown
	Database version: 8.0.36
	Autocommit mode: undefined/unknown
	Isolation level: undefined/unknown
	Minimum pool size: undefined/unknown
	Maximum pool size: undefined/unknown
2025-05-05 16:51:52 [main] INFO  o.h.e.t.j.p.i.JtaPlatformInitiator - HHH000489: No JTA platform available (set 'hibernate.transaction.jta.platform' to enable JTA platform integration)
2025-05-05 16:51:52 [main] INFO  o.s.o.j.LocalContainerEntityManagerFactoryBean - Initialized JPA EntityManagerFactory for persistence unit 'default'
2025-05-05 16:51:53 [main] INFO  o.s.s.c.a.a.c.InitializeAuthenticationProviderBeanManagerConfigurer$InitializeAuthenticationProviderManagerConfigurer - Global AuthenticationManager configured with AuthenticationProvider bean with name authenticationProvider
2025-05-05 16:51:54 [main] INFO  o.s.d.j.r.query.QueryEnhancerFactory - Hibernate is in classpath; If applicable, HQL parser will be used.
2025-05-05 16:51:54 [main] INFO  c.f.h.Security.PermissionInitializer - Starting permission initialization...
2025-05-05 16:51:55 [main] INFO  c.f.h.Service.PermissionService - Initializing user permissions...
2025-05-05 16:51:55 [main] WARN  c.f.h.Service.PermissionService - Permission not found: EXPORT_HABIT_PROGRESS
2025-05-05 16:51:55 [main] WARN  c.f.h.Service.PermissionService - Permission not found: MANAGE_FEEDBACK
2025-05-05 16:51:55 [main] WARN  c.f.h.Service.PermissionService - Permission not found: MANAGE_HABIT_PROGRESS
2025-05-05 16:51:55 [main] WARN  c.f.h.Service.PermissionService - Permission not found: VIEW_FEEDBACK
2025-05-05 16:51:55 [main] WARN  c.f.h.Service.PermissionService - Permission not found: IMPORT_HABIT_PROGRESS
2025-05-05 16:51:55 [main] WARN  c.f.h.Service.PermissionService - Permission not found: VIEW_THOUGHTS
2025-05-05 16:51:55 [main] INFO  c.f.h.Service.PermissionService - User permissions assigned to 0 users.
2025-05-05 16:51:55 [main] INFO  c.f.h.Service.PermissionService - Initializing admin permissions...
2025-05-05 16:51:55 [main] INFO  c.f.h.Service.PermissionService - Admin permissions assigned to 1 admins.
2025-05-05 16:51:55 [main] INFO  c.f.h.Service.PermissionService - Initializing doctor permissions...
2025-05-05 16:51:55 [main] WARN  c.f.h.Service.PermissionService - Permission not found: MANAGE_FEEDBACK
2025-05-05 16:51:55 [main] WARN  c.f.h.Service.PermissionService - Permission not found: VIEW_FEEDBACK
2025-05-05 16:51:55 [main] WARN  c.f.h.Service.PermissionService - Permission not found: VIEW_THOUGHTS
2025-05-05 16:51:55 [main] INFO  c.f.h.Service.PermissionService - Doctor permissions assigned to 0 doctors.
2025-05-05 16:51:55 [main] INFO  c.f.h.Security.PermissionInitializer - Permission initialization completed successfully.
2025-05-05 16:51:55 [main] INFO  o.s.b.a.w.s.WelcomePageHandlerMapping - Adding welcome page: class path resource [static/index.html]
2025-05-05 16:51:56 [main] INFO  o.s.b.a.e.web.EndpointLinksResolver - Exposing 1 endpoint beneath base path '/actuator'
2025-05-05 16:51:56 [main] DEBUG o.s.s.web.DefaultSecurityFilterChain - Will secure any request with filters: DisableEncodeUrlFilter, WebAsyncManagerIntegrationFilter, HeaderWriterFilter, LogoutFilter, JwtAuthenticationFilter, SecurityContextHolderAwareRequestFilter, SessionManagementFilter, ExceptionTranslationFilter, AuthorizationFilter
2025-05-05 16:51:57 [main] INFO  c.f.habitup.HabitupApplicationTests - Started HabitupApplicationTests in 10.567 seconds (process running for 11.903)
2025-05-05 16:51:58 [SpringApplicationShutdownHook] INFO  o.s.o.j.LocalContainerEntityManagerFactoryBean - Closing JPA EntityManagerFactory for persistence unit 'default'
2025-05-05 16:51:58 [SpringApplicationShutdownHook] INFO  com.zaxxer.hikari.HikariDataSource - HikariPool-1 - Shutdown initiated...
2025-05-05 16:51:58 [SpringApplicationShutdownHook] INFO  com.zaxxer.hikari.HikariDataSource - HikariPool-1 - Shutdown completed.
2025-05-05 16:53:08 [main] WARN  o.s.b.t.j.DuplicateJsonObjectContextCustomizerFactory$DuplicateJsonObjectContextCustomizer - 

Found multiple occurrences of org.json.JSONObject on the class path:

	jar:file:/C:/Users/Souda/.m2/repository/com/vaadin/external/google/android-json/0.0.20131108.vaadin1/android-json-0.0.20131108.vaadin1.jar!/org/json/JSONObject.class
	jar:file:/C:/Users/Souda/.m2/repository/org/json/json/20230227/json-20230227.jar!/org/json/JSONObject.class

You may wish to exclude one of them to ensure predictable runtime behavior

2025-05-05 16:53:08 [main] INFO  c.f.habitup.HabitupApplicationTests - Starting HabitupApplicationTests using Java 21.0.2 with PID 21896 (started by Souda in C:\Users\Souda\git\FullStackFlair)
2025-05-05 16:53:08 [main] INFO  c.f.habitup.HabitupApplicationTests - No active profile set, falling back to 1 default profile: "default"
2025-05-05 16:53:09 [main] INFO  o.s.d.r.c.RepositoryConfigurationDelegate - Bootstrapping Spring Data JPA repositories in DEFAULT mode.
2025-05-05 16:53:10 [main] INFO  o.s.d.r.c.RepositoryConfigurationDelegate - Finished Spring Data repository scanning in 140 ms. Found 13 JPA repository interfaces.
2025-05-05 16:53:11 [main] INFO  o.h.jpa.internal.util.LogHelper - HHH000204: Processing PersistenceUnitInfo [name: default]
2025-05-05 16:53:11 [main] INFO  org.hibernate.Version - HHH000412: Hibernate ORM core version 6.6.8.Final
2025-05-05 16:53:11 [main] INFO  o.h.c.i.RegionFactoryInitiator - HHH000026: Second-level cache disabled
2025-05-05 16:53:11 [main] INFO  o.s.o.j.p.SpringPersistenceUnitInfo - No LoadTimeWeaver setup: ignoring JPA class transformer
2025-05-05 16:53:11 [main] INFO  com.zaxxer.hikari.HikariDataSource - HikariPool-1 - Starting...
2025-05-05 16:53:12 [main] INFO  com.zaxxer.hikari.pool.HikariPool - HikariPool-1 - Added connection com.mysql.cj.jdbc.ConnectionImpl@5d68be4f
2025-05-05 16:53:12 [main] INFO  com.zaxxer.hikari.HikariDataSource - HikariPool-1 - Start completed.
2025-05-05 16:53:12 [main] INFO  o.hibernate.orm.connections.pooling - HHH10001005: Database info:
	Database JDBC URL [Connecting through datasource 'HikariDataSource (HikariPool-1)']
	Database driver: undefined/unknown
	Database version: 8.0.36
	Autocommit mode: undefined/unknown
	Isolation level: undefined/unknown
	Minimum pool size: undefined/unknown
	Maximum pool size: undefined/unknown
2025-05-05 16:53:13 [main] INFO  o.h.e.t.j.p.i.JtaPlatformInitiator - HHH000489: No JTA platform available (set 'hibernate.transaction.jta.platform' to enable JTA platform integration)
2025-05-05 16:53:14 [main] INFO  o.s.o.j.LocalContainerEntityManagerFactoryBean - Initialized JPA EntityManagerFactory for persistence unit 'default'
2025-05-05 16:53:15 [main] INFO  o.s.s.c.a.a.c.InitializeAuthenticationProviderBeanManagerConfigurer$InitializeAuthenticationProviderManagerConfigurer - Global AuthenticationManager configured with AuthenticationProvider bean with name authenticationProvider
2025-05-05 16:53:15 [main] INFO  o.s.d.j.r.query.QueryEnhancerFactory - Hibernate is in classpath; If applicable, HQL parser will be used.
2025-05-05 16:53:16 [main] INFO  c.f.h.Security.PermissionInitializer - Starting permission initialization...
2025-05-05 16:53:16 [main] INFO  c.f.h.Service.PermissionService - Initializing user permissions...
2025-05-05 16:53:16 [main] WARN  c.f.h.Service.PermissionService - Permission not found: EXPORT_HABIT_PROGRESS
2025-05-05 16:53:16 [main] WARN  c.f.h.Service.PermissionService - Permission not found: MANAGE_FEEDBACK
2025-05-05 16:53:16 [main] WARN  c.f.h.Service.PermissionService - Permission not found: MANAGE_HABIT_PROGRESS
2025-05-05 16:53:16 [main] WARN  c.f.h.Service.PermissionService - Permission not found: VIEW_FEEDBACK
2025-05-05 16:53:16 [main] WARN  c.f.h.Service.PermissionService - Permission not found: IMPORT_HABIT_PROGRESS
2025-05-05 16:53:16 [main] WARN  c.f.h.Service.PermissionService - Permission not found: VIEW_THOUGHTS
2025-05-05 16:53:16 [main] INFO  c.f.h.Service.PermissionService - User permissions assigned to 0 users.
2025-05-05 16:53:16 [main] INFO  c.f.h.Service.PermissionService - Initializing admin permissions...
2025-05-05 16:53:16 [main] INFO  c.f.h.Service.PermissionService - Admin permissions assigned to 1 admins.
2025-05-05 16:53:16 [main] INFO  c.f.h.Service.PermissionService - Initializing doctor permissions...
2025-05-05 16:53:16 [main] WARN  c.f.h.Service.PermissionService - Permission not found: MANAGE_FEEDBACK
2025-05-05 16:53:16 [main] WARN  c.f.h.Service.PermissionService - Permission not found: VIEW_FEEDBACK
2025-05-05 16:53:16 [main] WARN  c.f.h.Service.PermissionService - Permission not found: VIEW_THOUGHTS
2025-05-05 16:53:16 [main] INFO  c.f.h.Service.PermissionService - Doctor permissions assigned to 0 doctors.
2025-05-05 16:53:16 [main] INFO  c.f.h.Security.PermissionInitializer - Permission initialization completed successfully.
2025-05-05 16:53:16 [main] INFO  o.s.b.a.w.s.WelcomePageHandlerMapping - Adding welcome page: class path resource [static/index.html]
2025-05-05 16:53:17 [main] INFO  o.s.b.a.e.web.EndpointLinksResolver - Exposing 1 endpoint beneath base path '/actuator'
2025-05-05 16:53:17 [main] DEBUG o.s.s.web.DefaultSecurityFilterChain - Will secure any request with filters: DisableEncodeUrlFilter, WebAsyncManagerIntegrationFilter, HeaderWriterFilter, LogoutFilter, JwtAuthenticationFilter, SecurityContextHolderAwareRequestFilter, SessionManagementFilter, ExceptionTranslationFilter, AuthorizationFilter
2025-05-05 16:53:18 [main] INFO  c.f.habitup.HabitupApplicationTests - Started HabitupApplicationTests in 10.172 seconds (process running for 11.678)
2025-05-05 16:53:19 [SpringApplicationShutdownHook] INFO  o.s.o.j.LocalContainerEntityManagerFactoryBean - Closing JPA EntityManagerFactory for persistence unit 'default'
2025-05-05 16:53:19 [SpringApplicationShutdownHook] INFO  com.zaxxer.hikari.HikariDataSource - HikariPool-1 - Shutdown initiated...
2025-05-05 16:53:19 [SpringApplicationShutdownHook] INFO  com.zaxxer.hikari.HikariDataSource - HikariPool-1 - Shutdown completed.
